[2023-08-24 20:39:35,661] [INFO] [base_create] [start: 22] => User create base_phone.csv file
[2023-08-24 20:39:35,666] [INFO] [u_i] [<module>: 6] => The beginning of your work
[2023-08-24 20:39:35,682] [INFO] [base_create] [start: 22] => User create base_phone.csv file
[2023-08-24 20:39:35,683] [INFO] [main] [<module>: 7] => Start
[2023-08-24 20:40:32,332] [INFO] [u_i] [ls_menu: 24] => The user has selected item number 0
[2023-08-24 20:41:19,459] [INFO] [u_i] [ls_menu: 30] => The user has selected item number 1
[2023-08-24 20:41:23,562] [INFO] [u_i] [ls_menu: 32] => User entered: {search}
[2023-08-24 20:42:13,965] [INFO] [u_i] [ls_menu: 54] => The user has selected item number 5
[2023-08-24 20:42:22,390] [INFO] [u_i] [ls_menu: 56] => User entered: {name}
[2023-08-24 20:42:27,924] [INFO] [u_i] [ls_menu: 58] => User entered: {surname}
[2023-08-24 20:42:36,396] [INFO] [u_i] [ls_menu: 60] => User entered: {number}
[2023-08-24 20:43:03,119] [INFO] [u_i] [ls_menu: 62] => User entered: {email}
[2023-08-24 20:44:46,450] [INFO] [base_create] [start: 22] => User create base_phone.csv file
[2023-08-24 20:44:46,455] [INFO] [u_i] [<module>: 6] => The beginning of your work
[2023-08-24 20:44:46,470] [INFO] [base_create] [start: 22] => User create base_phone.csv file
[2023-08-24 20:44:46,470] [INFO] [main] [<module>: 7] => Start
[2023-08-24 20:45:08,393] [INFO] [u_i] [ñhecking_the_number: 184] => User entered an invalid menu value: {arg}
[2023-08-24 20:45:21,898] [INFO] [base_create] [start: 22] => User create base_phone.csv file
[2023-08-24 20:45:21,905] [INFO] [u_i] [<module>: 6] => The beginning of your work
[2023-08-24 20:45:21,919] [INFO] [base_create] [start: 22] => User create base_phone.csv file
[2023-08-24 20:45:21,919] [INFO] [main] [<module>: 7] => Start
[2023-08-24 20:45:27,587] [INFO] [u_i] [ls_menu: 54] => The user has selected item number 5
[2023-08-24 20:45:32,645] [INFO] [u_i] [ls_menu: 56] => User entered: {name}
[2023-08-24 20:45:36,838] [INFO] [u_i] [ls_menu: 58] => User entered: {surname}
[2023-08-24 20:45:41,298] [INFO] [u_i] [ls_menu: 60] => User entered: {number}
[2023-08-24 20:46:01,950] [INFO] [u_i] [ls_menu: 62] => User entered: {email}
[2023-08-24 20:46:31,686] [INFO] [u_i] [ls_menu: 24] => The user has selected item number 0
